<?xml version="1.0" encoding="UTF-8"?>
<testsuites>
  <testsuite name="C:\Users\assas\OneDrive - ulm.ac.id\SEMESTER 6\PPKPL\phpunit.xml" tests="35" assertions="83" errors="0" failures="0" skipped="0" time="0.047396">
    <testsuite name="Library System Tests" tests="35" assertions="83" errors="0" failures="0" skipped="0" time="0.047396">
      <testsuite name="BookEntityTest" file="C:\Users\assas\OneDrive - ulm.ac.id\SEMESTER 6\PPKPL\LIBRARY_SYSTEM\tests\BookEntityTest.php" tests="16" assertions="32" errors="0" failures="0" skipped="0" time="0.012415">
        <testcase name="testValidBook" file="C:\Users\assas\OneDrive - ulm.ac.id\SEMESTER 6\PPKPL\LIBRARY_SYSTEM\tests\BookEntityTest.php" line="10" class="BookEntityTest" classname="BookEntityTest" assertions="1" time="0.004635"/>
        <testcase name="testInvalidBookWithEmptyTitle" file="C:\Users\assas\OneDrive - ulm.ac.id\SEMESTER 6\PPKPL\LIBRARY_SYSTEM\tests\BookEntityTest.php" line="16" class="BookEntityTest" classname="BookEntityTest" assertions="2" time="0.001279"/>
        <testcase name="testInvalidBookWithEmptyAuthor" file="C:\Users\assas\OneDrive - ulm.ac.id\SEMESTER 6\PPKPL\LIBRARY_SYSTEM\tests\BookEntityTest.php" line="23" class="BookEntityTest" classname="BookEntityTest" assertions="2" time="0.000557"/>
        <testcase name="testInvalidBookWithZeroQuantity" file="C:\Users\assas\OneDrive - ulm.ac.id\SEMESTER 6\PPKPL\LIBRARY_SYSTEM\tests\BookEntityTest.php" line="30" class="BookEntityTest" classname="BookEntityTest" assertions="2" time="0.000424"/>
        <testcase name="testInvalidBookWithNegativeQuantity" file="C:\Users\assas\OneDrive - ulm.ac.id\SEMESTER 6\PPKPL\LIBRARY_SYSTEM\tests\BookEntityTest.php" line="37" class="BookEntityTest" classname="BookEntityTest" assertions="2" time="0.000463"/>
        <testcase name="testInvalidDateInTheFuture" file="C:\Users\assas\OneDrive - ulm.ac.id\SEMESTER 6\PPKPL\LIBRARY_SYSTEM\tests\BookEntityTest.php" line="44" class="BookEntityTest" classname="BookEntityTest" assertions="2" time="0.000411"/>
        <testcase name="testInvalidDateWithSlash" file="C:\Users\assas\OneDrive - ulm.ac.id\SEMESTER 6\PPKPL\LIBRARY_SYSTEM\tests\BookEntityTest.php" line="51" class="BookEntityTest" classname="BookEntityTest" assertions="2" time="0.000395"/>
        <testcase name="testInvalidDateWithNonexistentDate" file="C:\Users\assas\OneDrive - ulm.ac.id\SEMESTER 6\PPKPL\LIBRARY_SYSTEM\tests\BookEntityTest.php" line="58" class="BookEntityTest" classname="BookEntityTest" assertions="2" time="0.000441"/>
        <testcase name="testSetAndGetTitle" file="C:\Users\assas\OneDrive - ulm.ac.id\SEMESTER 6\PPKPL\LIBRARY_SYSTEM\tests\BookEntityTest.php" line="67" class="BookEntityTest" classname="BookEntityTest" assertions="2" time="0.000892"/>
        <testcase name="testSetAndGetAuthor" file="C:\Users\assas\OneDrive - ulm.ac.id\SEMESTER 6\PPKPL\LIBRARY_SYSTEM\tests\BookEntityTest.php" line="76" class="BookEntityTest" classname="BookEntityTest" assertions="2" time="0.000438"/>
        <testcase name="testSetAndGetQuantity" file="C:\Users\assas\OneDrive - ulm.ac.id\SEMESTER 6\PPKPL\LIBRARY_SYSTEM\tests\BookEntityTest.php" line="85" class="BookEntityTest" classname="BookEntityTest" assertions="3" time="0.000404"/>
        <testcase name="testSetAndGetPublishedDate" file="C:\Users\assas\OneDrive - ulm.ac.id\SEMESTER 6\PPKPL\LIBRARY_SYSTEM\tests\BookEntityTest.php" line="97" class="BookEntityTest" classname="BookEntityTest" assertions="2" time="0.000384"/>
        <testcase name="testSetAndGetLongTitle" file="C:\Users\assas\OneDrive - ulm.ac.id\SEMESTER 6\PPKPL\LIBRARY_SYSTEM\tests\BookEntityTest.php" line="106" class="BookEntityTest" classname="BookEntityTest" assertions="2" time="0.000411"/>
        <testcase name="testSetAndGetLongAuthor" file="C:\Users\assas\OneDrive - ulm.ac.id\SEMESTER 6\PPKPL\LIBRARY_SYSTEM\tests\BookEntityTest.php" line="117" class="BookEntityTest" classname="BookEntityTest" assertions="2" time="0.000416"/>
        <testcase name="testSetAndGetCurrentDateAsPublishedDate" file="C:\Users\assas\OneDrive - ulm.ac.id\SEMESTER 6\PPKPL\LIBRARY_SYSTEM\tests\BookEntityTest.php" line="128" class="BookEntityTest" classname="BookEntityTest" assertions="2" time="0.000413"/>
        <testcase name="testSetAndGetId" file="C:\Users\assas\OneDrive - ulm.ac.id\SEMESTER 6\PPKPL\LIBRARY_SYSTEM\tests\BookEntityTest.php" line="140" class="BookEntityTest" classname="BookEntityTest" assertions="2" time="0.000451"/>
      </testsuite>
      <testsuite name="BookRepositoryTest" file="C:\Users\assas\OneDrive - ulm.ac.id\SEMESTER 6\PPKPL\LIBRARY_SYSTEM\tests\BookRepositoryTest.php" tests="16" assertions="42" errors="0" failures="0" skipped="0" time="0.032220">
        <testcase name="testSaveValidBook" file="C:\Users\assas\OneDrive - ulm.ac.id\SEMESTER 6\PPKPL\LIBRARY_SYSTEM\tests\BookRepositoryTest.php" line="18" class="BookRepositoryTest" classname="BookRepositoryTest" assertions="2" time="0.013116"/>
        <testcase name="testSaveBookSQLException" file="C:\Users\assas\OneDrive - ulm.ac.id\SEMESTER 6\PPKPL\LIBRARY_SYSTEM\tests\BookRepositoryTest.php" line="29" class="BookRepositoryTest" classname="BookRepositoryTest" assertions="3" time="0.001362"/>
        <testcase name="testSaveBookSQLFailure" file="C:\Users\assas\OneDrive - ulm.ac.id\SEMESTER 6\PPKPL\LIBRARY_SYSTEM\tests\BookRepositoryTest.php" line="40" class="BookRepositoryTest" classname="BookRepositoryTest" assertions="2" time="0.005963"/>
        <testcase name="testFindBookById" file="C:\Users\assas\OneDrive - ulm.ac.id\SEMESTER 6\PPKPL\LIBRARY_SYSTEM\tests\BookRepositoryTest.php" line="53" class="BookRepositoryTest" classname="BookRepositoryTest" assertions="4" time="0.001700"/>
        <testcase name="testDeleteBook" file="C:\Users\assas\OneDrive - ulm.ac.id\SEMESTER 6\PPKPL\LIBRARY_SYSTEM\tests\BookRepositoryTest.php" line="66" class="BookRepositoryTest" classname="BookRepositoryTest" assertions="2" time="0.000704"/>
        <testcase name="testDeleteBookNotFound" file="C:\Users\assas\OneDrive - ulm.ac.id\SEMESTER 6\PPKPL\LIBRARY_SYSTEM\tests\BookRepositoryTest.php" line="75" class="BookRepositoryTest" classname="BookRepositoryTest" assertions="2" time="0.000718"/>
        <testcase name="testDeleteBookSQLException" file="C:\Users\assas\OneDrive - ulm.ac.id\SEMESTER 6\PPKPL\LIBRARY_SYSTEM\tests\BookRepositoryTest.php" line="84" class="BookRepositoryTest" classname="BookRepositoryTest" assertions="3" time="0.000740"/>
        <testcase name="testFindBookByIdNotFound" file="C:\Users\assas\OneDrive - ulm.ac.id\SEMESTER 6\PPKPL\LIBRARY_SYSTEM\tests\BookRepositoryTest.php" line="95" class="BookRepositoryTest" classname="BookRepositoryTest" assertions="3" time="0.001185"/>
        <testcase name="testFindBookByIdInvalid" file="C:\Users\assas\OneDrive - ulm.ac.id\SEMESTER 6\PPKPL\LIBRARY_SYSTEM\tests\BookRepositoryTest.php" line="109" class="BookRepositoryTest" classname="BookRepositoryTest" assertions="3" time="0.001011"/>
        <testcase name="testFindBookByIdEmpty" file="C:\Users\assas\OneDrive - ulm.ac.id\SEMESTER 6\PPKPL\LIBRARY_SYSTEM\tests\BookRepositoryTest.php" line="123" class="BookRepositoryTest" classname="BookRepositoryTest" assertions="3" time="0.000773"/>
        <testcase name="testUpdateBook" file="C:\Users\assas\OneDrive - ulm.ac.id\SEMESTER 6\PPKPL\LIBRARY_SYSTEM\tests\BookRepositoryTest.php" line="137" class="BookRepositoryTest" classname="BookRepositoryTest" assertions="2" time="0.000684"/>
        <testcase name="testUpdateBookNotFound" file="C:\Users\assas\OneDrive - ulm.ac.id\SEMESTER 6\PPKPL\LIBRARY_SYSTEM\tests\BookRepositoryTest.php" line="148" class="BookRepositoryTest" classname="BookRepositoryTest" assertions="2" time="0.000764"/>
        <testcase name="testUpdateBookSQLException" file="C:\Users\assas\OneDrive - ulm.ac.id\SEMESTER 6\PPKPL\LIBRARY_SYSTEM\tests\BookRepositoryTest.php" line="159" class="BookRepositoryTest" classname="BookRepositoryTest" assertions="3" time="0.000767"/>
        <testcase name="testFindAllBooks" file="C:\Users\assas\OneDrive - ulm.ac.id\SEMESTER 6\PPKPL\LIBRARY_SYSTEM\tests\BookRepositoryTest.php" line="170" class="BookRepositoryTest" classname="BookRepositoryTest" assertions="3" time="0.001219"/>
        <testcase name="testFindAllBooksEmpty" file="C:\Users\assas\OneDrive - ulm.ac.id\SEMESTER 6\PPKPL\LIBRARY_SYSTEM\tests\BookRepositoryTest.php" line="187" class="BookRepositoryTest" classname="BookRepositoryTest" assertions="2" time="0.000724"/>
        <testcase name="testFindAllBooksSQLException" file="C:\Users\assas\OneDrive - ulm.ac.id\SEMESTER 6\PPKPL\LIBRARY_SYSTEM\tests\BookRepositoryTest.php" line="196" class="BookRepositoryTest" classname="BookRepositoryTest" assertions="3" time="0.000790"/>
      </testsuite>
      <testsuite name="GetAllBooksTest" file="C:\Users\assas\OneDrive - ulm.ac.id\SEMESTER 6\PPKPL\LIBRARY_SYSTEM\tests\GetAllBooksTest.php" tests="3" assertions="9" errors="0" failures="0" skipped="0" time="0.002762">
        <testcase name="testGetAllBooks" file="C:\Users\assas\OneDrive - ulm.ac.id\SEMESTER 6\PPKPL\LIBRARY_SYSTEM\tests\GetAllBooksTest.php" line="16" class="GetAllBooksTest" classname="GetAllBooksTest" assertions="4" time="0.001404"/>
        <testcase name="testGetAllBooksEmpty" file="C:\Users\assas\OneDrive - ulm.ac.id\SEMESTER 6\PPKPL\LIBRARY_SYSTEM\tests\GetAllBooksTest.php" line="31" class="GetAllBooksTest" classname="GetAllBooksTest" assertions="2" time="0.000681"/>
        <testcase name="testGetAllBooksException" file="C:\Users\assas\OneDrive - ulm.ac.id\SEMESTER 6\PPKPL\LIBRARY_SYSTEM\tests\GetAllBooksTest.php" line="40" class="GetAllBooksTest" classname="GetAllBooksTest" assertions="3" time="0.000677"/>
      </testsuite>
    </testsuite>
  </testsuite>
</testsuites>
